============================================================
  Generated by:           Genus(TM) Synthesis Solution 25.10-p002_1
  Generated on:           Mar 28 2026  12:29:58 pm
  Module:                 sha256
  Operating conditions:   PVT_0P9V_125C (balanced_tree)
  Wireload mode:          enclosed
  Area mode:              timing library
============================================================

Timing
--------

Clock Period 
-------------
i_clk 4000.0 


  Cost    Critical         Violating 
 Group   Path Slack  TNS     Paths   
-------------------------------------
default    No paths   0.0            
i_clk           0.2   0.0          0 
-------------------------------------
Total                 0.0          0 

Instance Count
--------------
Leaf Instance Count             14431 
Physical Instance count             0 
Sequential Instance Count        3167 
Combinational Instance Count    11264 
Hierarchical Instance Count         0 

Area
----
Cell Area                          43589.063
Physical Cell Area                 0.000
Total Cell Area (Cell+Physical)    43589.063
Net Area                           0.000
Total Area (Cell+Physical+Net)     43589.063

Max Fanout                         3167 (i_clk)
Min Fanout                         1 (n_26650)
Average Fanout                     3.1
Terms to net ratio                 4.1200
Terms to instance ratio            4.2594
Runtime                            1184.993426 seconds
Elapsed Runtime                    1635 seconds
Genus peak memory usage            6573.12 
Innovus peak memory usage          no_value 
Hostname                           lnx60
