============================================================
  Generated by:           Genus(TM) Synthesis Solution 25.10-p002_1
  Generated on:           Mar 28 2026  12:25:15 pm
  Module:                 sha256
  Operating conditions:   PVT_0P9V_125C (balanced_tree)
  Wireload mode:          enclosed
  Area mode:              timing library
============================================================


Path 1: MET (0 ps) Setup Check with Pin e_reg[31]/CK->D
          Group: i_clk
     Startpoint: (R) j_reg[1]/CK
          Clock: (R) i_clk
       Endpoint: (R) e_reg[31]/D
          Clock: (R) i_clk

                     Capture       Launch     
        Clock Edge:+    4000            0     
       Src Latency:+       0            0     
       Net Latency:+       0 (I)        0 (I) 
           Arrival:=    4000            0     
                                              
             Setup:-     129                  
     Required Time:=    3871                  
      Launch Clock:-       0                  
         Data Path:-    3871                  
             Slack:=       0                  

#----------------------------------------------------------------------------------------------------------------
#             Timing Point               Flags    Arc   Edge   Cell     Fanout Load Trans Delay Arrival Instance 
#                                                                              (fF)  (ps)  (ps)   (ps)  Location 
#----------------------------------------------------------------------------------------------------------------
  j_reg[1]/CK                            -       -      R     (arrival)   3167    -     0     0       0    (-,-) 
  j_reg[1]/QN                            -       CK->QN F     DFFRX1        16  5.2   142   350     350    (-,-) 
  g1381__1881/Y                          -       B->Y   R     NAND2X1        2  0.8    53   101     451    (-,-) 
  g1374__2802/Y                          -       B->Y   F     NOR2X1         8  1.6    71    65     517    (-,-) 
  g1329__5122/Y                          -       B->Y   F     AND2X1        32  6.4   172   171     688    (-,-) 
  g7683__6417/Y                          -       A1->Y  R     AOI22XL        1  0.2    69   157     845    (-,-) 
  g7070__5107/Y                          -       D->Y   F     NAND4XL        1  0.2   179   154     999    (-,-) 
  g6931__6260/Y                          -       A->Y   F     OR2XL          1  0.4    34   169    1168    (-,-) 
  g6878__5526/Y                          -       A->Y   R     NOR2X1         1  0.4    45    58    1226    (-,-) 
  g6817__2398/Y                          -       B->Y   F     NAND2X1        1  0.5    66    69    1294    (-,-) 
  csa_tree_fac_g6539/S                   -       CI->S  R     ADDFXL         1  0.6    43   269    1564    (-,-) 
  csa_tree_fac_g6526/S                   -       CI->S  F     ADDFX1         2  1.3    60   281    1845    (-,-) 
  csa_tree_fac169_groupi_cdnfadd_003_0/S -       CI->S  R     ADDFX1         2  0.6    42   297    2142    (-,-) 
  csa_tree_fac169_groupi_g2631/Y         -       B->Y   R     OR2X1          2  0.6    25    78    2220    (-,-) 
  g305121/Y                              -       A1N->Y R     OAI2BB1X1      3  0.8    44   127    2348    (-,-) 
  csa_tree_fac169_groupi_g2611/Y         -       A0->Y  F     AOI21X1        2  0.8    94   105    2453    (-,-) 
  csa_tree_fac169_groupi_g2607/Y         -       A1->Y  R     OAI21X1        2  0.8    82   104    2557    (-,-) 
  csa_tree_fac169_groupi_g2604/Y         -       A1->Y  F     AOI21X1        2  0.7    92   115    2672    (-,-) 
  csa_tree_fac169_groupi_g2602/Y         -       A1->Y  R     OAI21X1        3  1.0    91   108    2781    (-,-) 
  csa_tree_fac169_groupi_g2598/Y         -       A1->Y  F     AOI21X1        2  0.8    98   123    2904    (-,-) 
  csa_tree_fac169_groupi_g2591/Y         -       A1->Y  R     OAI21X1        2  0.6    74   102    3005    (-,-) 
  csa_tree_fac169_groupi_g2588/Y         -       A->Y   F     INVX1          2  0.9    44    66    3072    (-,-) 
  csa_tree_fac169_groupi_g2586/Y         -       A1->Y  R     OAI21X2        5  1.4    72    72    3144    (-,-) 
  csa_tree_fac169_groupi_g2585/Y         -       A->Y   F     INVX1          2  0.6    36    61    3205    (-,-) 
  csa_tree_fac169_groupi_g2583/Y         -       A1->Y  R     OAI21X1        2  0.6    68    68    3273    (-,-) 
  g305120/Y                              -       A1N->Y R     OAI2BB1X1      3  1.0    48   150    3423    (-,-) 
  csa_tree_fac169_groupi_g2567/Y         -       A1->Y  F     AOI21X1        2  0.8    94    99    3522    (-,-) 
  csa_tree_fac169_groupi_g2556/Y         -       A1->Y  R     OAI21X1        1  0.4    65    94    3616    (-,-) 
  csa_tree_fac169_groupi_g2768/Y         -       B->Y   R     XOR2XL         1  0.2    22   135    3751    (-,-) 
  g302498/Y                              -       A1N->Y R     OAI2BB1X1      1  0.3    41   120    3871    (-,-) 
  e_reg[31]/D                            <<<     -      R     DFFRHQX1       1    -     -     0    3871    (-,-) 
#----------------------------------------------------------------------------------------------------------------

